TN:
SF:lib/src/base_class/environment_config.dart
FNF:0
FNH:0
DA:2,0
LF:1
LH:0
end_of_record
TN:
SF:lib/src/base_class/state_data_model.dart
FNF:0
FNH:0
DA:2,0
LF:1
LH:0
end_of_record
TN:
SF:lib/src/base_class/view_model.dart
FNF:0
FNH:0
DA:5,8
DA:9,4
DA:10,8
DA:14,4
DA:15,8
DA:17,0
DA:19,0
DA:20,0
DA:23,0
DA:25,0
DA:28,0
DA:30,0
DA:31,0
DA:32,0
LF:14
LH:5
end_of_record
TN:
SF:lib/src/modul/genre/model/genre.dart
FNF:0
FNH:0
DA:14,6
DA:24,2
LF:2
LH:2
end_of_record
TN:
SF:lib/src/modul/genre/service/genre_service.dart
FNF:0
FNH:0
DA:15,1
DA:17,1
DA:19,1
DA:21,1
DA:24,1
DA:27,2
DA:29,1
DA:30,1
DA:31,1
DA:32,1
DA:33,1
DA:35,0
DA:38,1
DA:39,1
DA:41,1
DA:42,1
LF:16
LH:15
end_of_record
TN:
SF:lib/src/modul/genre/view_model/genre_view_model.dart
FNF:0
FNH:0
DA:8,4
DA:11,1
DA:12,1
DA:15,1
DA:16,1
DA:18,2
DA:19,1
DA:21,1
DA:25,1
DA:29,2
DA:30,0
DA:31,2
LF:12
LH:11
end_of_record
TN:
SF:lib/src/modul/movie/model/movie_detail.dart
FNF:0
FNH:0
DA:39,4
DA:51,2
DA:52,2
LF:3
LH:3
end_of_record
TN:
SF:lib/src/modul/movie/model/movie_list.dart
FNF:0
FNH:0
DA:25,4
DA:38,4
LF:2
LH:2
end_of_record
TN:
SF:lib/src/modul/movie/service/movie_service.dart
FNF:0
FNH:0
DA:17,1
DA:19,1
DA:21,1
DA:23,1
DA:29,2
DA:31,1
DA:32,1
DA:33,1
DA:34,1
DA:40,1
DA:43,0
DA:54,1
DA:56,1
DA:57,1
DA:58,1
DA:64,2
DA:66,1
DA:67,1
DA:68,1
DA:69,1
DA:75,0
DA:78,1
LF:22
LH:20
end_of_record
TN:
SF:lib/src/modul/movie/viewmodel/movie_detail_view_model.dart
FNF:0
FNH:0
DA:10,1
DA:13,1
DA:21,1
DA:22,1
DA:23,1
DA:26,1
DA:27,1
DA:29,2
DA:30,1
DA:32,1
DA:36,1
DA:38,1
DA:39,2
DA:41,1
DA:42,1
DA:45,1
DA:49,1
DA:54,2
DA:55,0
DA:56,2
DA:57,2
LF:21
LH:20
end_of_record
TN:
SF:lib/src/modul/movie/viewmodel/movie_list_view_model.dart
FNF:0
FNH:0
DA:8,1
DA:9,1
DA:10,1
DA:13,1
DA:22,0
DA:23,0
DA:26,1
DA:28,2
DA:29,1
DA:32,6
DA:33,0
DA:37,1
DA:39,1
DA:40,3
DA:41,2
DA:43,1
DA:44,4
DA:45,1
DA:48,1
DA:49,1
DA:50,1
DA:54,1
DA:56,1
DA:60,1
DA:67,2
DA:68,0
DA:69,2
DA:70,2
DA:71,2
DA:72,2
DA:76,1
DA:77,1
LF:32
LH:28
end_of_record
TN:
SF:lib/src/modul/review/model/review_list.dart
FNF:0
FNH:0
DA:18,2
DA:33,4
DA:45,4
LF:3
LH:3
end_of_record
TN:
SF:lib/src/modul/review/service/review_service.dart
FNF:0
FNH:0
DA:15,1
DA:17,1
DA:19,1
DA:20,1
DA:21,1
DA:28,2
DA:30,1
DA:31,1
DA:32,1
DA:33,1
DA:39,1
DA:42,0
LF:12
LH:11
end_of_record
TN:
SF:lib/src/modul/review/viewmodel/review_list_view_model.dart
FNF:0
FNH:0
DA:8,1
DA:9,1
DA:22,0
DA:23,0
DA:26,1
DA:28,1
DA:29,1
DA:30,1
DA:33,6
DA:34,0
DA:38,1
DA:40,1
DA:41,3
DA:42,2
DA:44,1
DA:45,4
DA:46,1
DA:49,1
DA:50,1
DA:51,1
DA:54,0
DA:57,1
DA:59,1
DA:63,1
DA:71,2
DA:72,0
DA:73,2
DA:74,2
DA:75,2
DA:76,2
DA:81,1
DA:82,1
LF:32
LH:27
end_of_record
TN:
SF:lib/src/modul/trailer/model/trailer.dart
FNF:0
FNH:0
DA:16,2
DA:34,2
LF:2
LH:2
end_of_record
TN:
SF:lib/src/modul/trailer/service/trailer_service.dart
FNF:0
FNH:0
DA:15,0
DA:17,0
DA:19,0
DA:20,0
DA:21,0
DA:28,0
DA:30,0
DA:31,0
DA:32,0
DA:33,0
DA:39,0
DA:42,0
LF:12
LH:0
end_of_record
TN:
SF:lib/src/network/model/network_request_model.dart
FNF:0
FNH:0
DA:6,3
LF:1
LH:1
end_of_record
TN:
SF:lib/src/network/model/prepared_request_model.dart
FNF:0
FNH:0
DA:5,0
LF:1
LH:0
end_of_record
TN:
SF:lib/src/network/network_service.dart
FNF:0
FNH:0
DA:27,0
DA:28,0
DA:30,0
DA:33,0
DA:40,0
DA:43,0
DA:44,0
DA:48,0
DA:52,0
DA:56,0
DA:57,0
DA:60,0
DA:64,0
DA:66,0
DA:67,0
DA:69,0
DA:70,0
DA:71,0
DA:72,0
DA:74,0
DA:75,0
DA:80,0
DA:82,0
DA:83,0
DA:84,0
DA:85,0
DA:86,0
DA:88,0
DA:89,0
DA:90,0
DA:91,0
DA:92,0
DA:93,0
DA:94,0
DA:95,0
DA:96,0
DA:97,0
DA:98,0
DA:100,0
DA:103,0
DA:107,0
DA:109,0
DA:111,0
LF:43
LH:0
end_of_record
